[debug] [2024-07-09T07:33:26.571Z] ----------------------------------------------------------------------
[debug] [2024-07-09T07:33:26.573Z] Command:       /opt/homebrew/Cellar/node/22.3.0/bin/node /opt/homebrew/bin/firebase init
[debug] [2024-07-09T07:33:26.573Z] CLI Version:   13.13.0
[debug] [2024-07-09T07:33:26.573Z] Platform:      darwin
[debug] [2024-07-09T07:33:26.573Z] Node Version:  v22.3.0
[debug] [2024-07-09T07:33:26.573Z] Time:          Tue Jul 09 2024 14:33:26 GMT+0700 (Western Indonesia Time)
[debug] [2024-07-09T07:33:26.573Z] ----------------------------------------------------------------------
[debug] 
[debug] [2024-07-09T07:33:26.577Z] > command requires scopes: ["email","openid","https://www.googleapis.com/auth/cloudplatformprojects.readonly","https://www.googleapis.com/auth/firebase","https://www.googleapis.com/auth/cloud-platform"]
[debug] [2024-07-09T07:33:26.577Z] > authorizing via signed-in user (yahyasyabani@gmail.com)
[info] 
     ######## #### ########  ######## ########     ###     ######  ########
     ##        ##  ##     ## ##       ##     ##  ##   ##  ##       ##
     ######    ##  ########  ######   ########  #########  ######  ######
     ##        ##  ##    ##  ##       ##     ## ##     ##       ## ##
     ##       #### ##     ## ######## ########  ##     ##  ######  ########

You're about to initialize a Firebase project in this directory:

  /Users/yahyasyabani/Downloads/TEST/Coding/ECommerce/my-app

[info] 
=== Project Setup
[info] 
[info] First, let's associate this project directory with a Firebase project.
[info] You can create multiple project aliases by running firebase use --add, 
[info] but for now we'll just set up a default project.
[info] 
[debug] [2024-07-09T07:33:29.855Z] >>> [apiv2][query] GET https://firebase.googleapis.com/v1beta1/projects pageSize=100
[debug] [2024-07-09T07:33:30.527Z] <<< [apiv2][status] GET https://firebase.googleapis.com/v1beta1/projects 200
[debug] [2024-07-09T07:33:30.527Z] <<< [apiv2][body] GET https://firebase.googleapis.com/v1beta1/projects [omitted]
[info] i  Using project yahya-syabani-ecommerce (yahyasyabani-project-ecommerce) 
[info] 
=== Hosting Setup
[debug] [2024-07-09T07:33:34.623Z] >>> [apiv2][query] GET https://firebase.googleapis.com/v1beta1/projects/yahya-syabani-ecommerce [none]
[debug] [2024-07-09T07:33:35.024Z] <<< [apiv2][status] GET https://firebase.googleapis.com/v1beta1/projects/yahya-syabani-ecommerce 200
[debug] [2024-07-09T07:33:35.024Z] <<< [apiv2][body] GET https://firebase.googleapis.com/v1beta1/projects/yahya-syabani-ecommerce {"projectId":"yahya-syabani-ecommerce","projectNumber":"190656333765","displayName":"yahyasyabani-project-ecommerce","name":"projects/yahya-syabani-ecommerce","resources":{"hostingSite":"yahya-syabani-ecommerce"},"state":"ACTIVE","etag":"1_096ded54-9fb9-4ef4-a4b8-16a0af4ba037"}
[info] 
[info] Your public directory is the folder (relative to your project directory) that
[info] will contain Hosting assets to be uploaded with firebase deploy. If you
[info] have a build process for your assets, use your build's output directory.
[info] 
[debug] [2024-07-09T07:34:22.425Z] >>> [apiv2][query] GET https://www.gstatic.com/firebasejs/releases.json [none]
[debug] [2024-07-09T07:34:22.599Z] <<< [apiv2][status] GET https://www.gstatic.com/firebasejs/releases.json 200
[debug] [2024-07-09T07:34:22.599Z] <<< [apiv2][body] GET https://www.gstatic.com/firebasejs/releases.json {"current":{"version":"10.12.3","browserURL":"https://www.gstatic.com/firebasejs/10.12.3/firebase.js","packageURL":"https://www.gstatic.com/firebasejs/10.12.3/firebase.tgz"},"live":{"version":"10.12","browserURL":"https://www.gstatic.com/firebasejs/live/10.12/firebase.js","packageURL":"https://www.gstatic.com/firebasejs/live/10.12/firebase.tgz"},"components":{"analytics":"https://www.gstatic.com/firebasejs/10.12.3/firebase-analytics.js","app":"https://www.gstatic.com/firebasejs/10.12.3/firebase-app.js","app-check":"https://www.gstatic.com/firebasejs/10.12.3/firebase-app-check.js","auth":"https://www.gstatic.com/firebasejs/10.12.3/firebase-auth.js","auth/cordova":"https://www.gstatic.com/firebasejs/10.12.3/firebase-auth/cordova.js","auth/web-extension":"https://www.gstatic.com/firebasejs/10.12.3/firebase-auth/web-extension.js","functions":"https://www.gstatic.com/firebasejs/10.12.3/firebase-functions.js","firestore":"https://www.gstatic.com/firebasejs/10.12.3/firebase-firestore.js","firestore/lite":"https://www.gstatic.com/firebasejs/10.12.3/firebase-firestore/lite.js","installations":"https://www.gstatic.com/firebasejs/10.12.3/firebase-installations.js","storage":"https://www.gstatic.com/firebasejs/10.12.3/firebase-storage.js","performance":"https://www.gstatic.com/firebasejs/10.12.3/firebase-performance.js","remote-config":"https://www.gstatic.com/firebasejs/10.12.3/firebase-remote-config.js","messaging":"https://www.gstatic.com/firebasejs/10.12.3/firebase-messaging.js","messaging/sw":"https://www.gstatic.com/firebasejs/10.12.3/firebase-messaging/sw.js","database":"https://www.gstatic.com/firebasejs/10.12.3/firebase-database.js","vertexai-preview":"https://www.gstatic.com/firebasejs/10.12.3/firebase-vertexai-preview.js","firestore.memory":"https://www.gstatic.com/firebasejs/10.12.3/firebase-firestore.memory.js"}}
[info] ✔  Wrote build/index.html 
[info] 
[info] i  Detected a .git folder at /Users/yahyasyabani/Downloads/TEST/Coding/ECommerce/my-app 
[info] i  Authorizing with GitHub to upload your service account to a GitHub repository's secrets store. 
[info] 
[info] Visit this URL on this device to log in:
[info] https://github.com/login/oauth/authorize?client_id=89cf50f02ac6aaed3484&state=203697939&redirect_uri=http%3A%2F%2Flocalhost%3A9005&scope=read%3Auser%20repo%20public_repo
[info] 
[info] Waiting for authentication...
